680230.000000
74455.000000
1286005.000000
1267.000000 1015.000000
10
bk1 728 0 1064 133
bk10a 0 378 119 756
bk10b 119 497 280 637
bk10c 119 637 168 756
bk11 0 875 175 994
bk12 175 875 581 1015
bk13 1127 0 1267 497
bk14a 1015 497 1134 693
bk14b 455 490 749 609
bk14c 336 469 455 630
bk15a 462 0 728 119
bk15b 126 0 462 119
bk16 203 329 329 448
bk17a 518 119 700 490
bk17b 882 133 1064 336
bk18 700 133 882 336
bk19 119 378 203 497
bk2 833 336 1127 469
bk20 336 119 518 469
bk21 1127 693 1267 1008
bk3 539 742 854 875
bk4 455 609 1015 742
bk5a 700 336 833 476
bk5b 749 476 924 609
bk5c 581 875 812 1008
bk6 812 875 1127 1008
bk7 1134 497 1232 679
bk8a 126 119 336 329
bk8b 0 0 126 378
bk9a 0 756 182 875
bk9b 168 637 287 756
bk9c 182 756 539 875
bk9d 287 630 371 749
