20828591.000000
842142.000000
40815040.000000
5320.000000 7672.000000
67
M001 0 0 3234 1708
M002 0 2716 1554 3388
M003 0 1708 2184 2716
M004 2184 1708 5264 3318
M005 3178 3318 4564 3850
M006 3234 0 5096 882
M007 2828 3682 3178 4550
M008 1302 3542 1946 4788
M009 3178 3850 4158 4312
M010 4564 3318 4858 3934
M011 3696 4648 4522 5026
M012 4158 3850 4564 4648
M013 3430 4312 3696 4984
M014 2436 4942 2842 5866
M015 1596 6860 2436 7266
M016 1512 5502 1834 6300
M017 2436 3682 2828 4438
M018 2842 5502 3234 6580
M019 2604 4550 3430 4942
M020 2842 5250 3640 5502
M021 1554 2716 1946 3542
M022 1946 3318 2898 3682
M023 1946 3682 2436 4816
M024 2842 4984 3640 5250
M025 1302 4816 2086 5138
M026 2086 4816 2436 5544
M027 3696 5026 4536 5390
M028 4564 3934 5082 4998
M029 4032 5390 4522 6384
M030 4536 4998 5264 6300
M031 3640 5390 4032 6440
M032 0 7140 784 7518
M033 0 5250 952 7140
M034 0 4690 1148 5250
M035 3234 5502 3626 6356
M036 2394 5866 2842 6860
M037 1834 5544 2394 6762
M038 1148 6300 1596 7266
M039 1148 5502 1512 6286
M040 1148 7266 2016 7658
M041 1148 5138 2002 5502
M042 2436 4438 2604 4816
M043 2436 6972 3346 7504
M044 0 3388 1302 4018
M045 0 4018 1162 4690
M046 3640 6440 4844 6944
M047 4886 6300 5320 7112
M048 3584 6944 4886 7672
M049 2842 6580 3584 6972
